-------------------------------------------------------------------------------
Test set: com.kodarys.MainServerIntegrationTest
-------------------------------------------------------------------------------
Tests run: 4, Failures: 2, Errors: 0, Skipped: 0, Time elapsed: 5.109 s <<< FAILURE! -- in com.kodarys.MainServerIntegrationTest
com.kodarys.MainServerIntegrationTest.missingFieldsShouldReturnErrorMessage -- Time elapsed: 0.060 s <<< FAILURE!
org.opentest4j.AssertionFailedError: Resposta para campos faltando deve indicar erro ==> expected: <true> but was: <false>
	at org.junit.jupiter.api.AssertionFailureBuilder.build(AssertionFailureBuilder.java:151)
	at org.junit.jupiter.api.AssertionFailureBuilder.buildAndThrow(AssertionFailureBuilder.java:132)
	at org.junit.jupiter.api.AssertTrue.failNotTrue(AssertTrue.java:63)
	at org.junit.jupiter.api.AssertTrue.assertTrue(AssertTrue.java:36)
	at org.junit.jupiter.api.Assertions.assertTrue(Assertions.java:210)
	at com.kodarys.MainServerIntegrationTest.missingFieldsShouldReturnErrorMessage(MainServerIntegrationTest.java:80)
	at java.base/java.lang.reflect.Method.invoke(Method.java:565)
	at java.base/java.util.ArrayList.forEach(ArrayList.java:1604)
	at java.base/java.util.ArrayList.forEach(ArrayList.java:1604)

com.kodarys.MainServerIntegrationTest.invalidJsonShouldReturnErrorStatus -- Time elapsed: 0.058 s <<< FAILURE!
org.opentest4j.AssertionFailedError: Resposta para JSON inválido deve ter status erro. Resposta: {"status": "erro", "mensagem": "Campos obrigatórios ausentes."} ==> expected: <true> but was: <false>
	at org.junit.jupiter.api.AssertionFailureBuilder.build(AssertionFailureBuilder.java:151)
	at org.junit.jupiter.api.AssertionFailureBuilder.buildAndThrow(AssertionFailureBuilder.java:132)
	at org.junit.jupiter.api.AssertTrue.failNotTrue(AssertTrue.java:63)
	at org.junit.jupiter.api.AssertTrue.assertTrue(AssertTrue.java:36)
	at org.junit.jupiter.api.Assertions.assertTrue(Assertions.java:210)
	at com.kodarys.MainServerIntegrationTest.invalidJsonShouldReturnErrorStatus(MainServerIntegrationTest.java:72)
	at java.base/java.lang.reflect.Method.invoke(Method.java:565)
	at java.base/java.util.ArrayList.forEach(ArrayList.java:1604)
	at java.base/java.util.ArrayList.forEach(ArrayList.java:1604)

