<?xml version="1.0" encoding="UTF-8"?>
<testsuite xmlns:xsi="http://www.w3.org/2001/XMLSchema-instance" xsi:noNamespaceSchemaLocation="https://maven.apache.org/surefire/maven-surefire-plugin/xsd/surefire-test-report-3.0.xsd" version="3.0" name="com.kodarys.MainServerIntegrationTest" time="5.109" tests="4" errors="0" skipped="0" failures="2">
  <properties>
[...]
</properties>
  <testcase name="validJsonShouldReturnStatus" classname="com.kodarys.MainServerIntegrationTest" time="3.659">
    <system-out><![CDATA[MONGO_COLLECTION_HISTORICO não definido. Usando padrão: historico_missoes
MONGO_COLLECTION_NARRATIVA não definido. Usando padrão: estado_narrativa
Conectado ao MongoDB.
Servidor TCP rodando na porta 6000...
Cliente conectado: /127.0.0.1
Recebido: null
Conexão encerrada.

Cliente conectado: /127.0.0.1
Recebido: {"nome":"Teste","idade":30,"email":"t@t.com","senha":"abc"}
Usuário salvo no MongoDB: {"nome": "Teste", "email": "t@t.com", "idade": 30, "senhaHash": "$2a$10$Bt9ylKmHpAPV8kEC6cYZGOPQSHwrpbIw8AnX9FVesogr4a1//wtfO", "createdAt": "2025-11-27 11:52:20", "_id": {"$oid": "692865a413d3ed74dafe47b9"}}
Conexão encerrada.

]]></system-out>
  </testcase>
  <testcase name="missingFieldsShouldReturnErrorMessage" classname="com.kodarys.MainServerIntegrationTest" time="0.06">
    <failure message="Resposta para campos faltando deve indicar erro ==&gt; expected: &lt;true&gt; but was: &lt;false&gt;" type="org.opentest4j.AssertionFailedError"><![CDATA[org.opentest4j.AssertionFailedError: Resposta para campos faltando deve indicar erro ==> expected: <true> but was: <false>
	at org.junit.jupiter.api.AssertionFailureBuilder.build(AssertionFailureBuilder.java:151)
	at org.junit.jupiter.api.AssertionFailureBuilder.buildAndThrow(AssertionFailureBuilder.java:132)
	at org.junit.jupiter.api.AssertTrue.failNotTrue(AssertTrue.java:63)
	at org.junit.jupiter.api.AssertTrue.assertTrue(AssertTrue.java:36)
	at org.junit.jupiter.api.Assertions.assertTrue(Assertions.java:210)
	at com.kodarys.MainServerIntegrationTest.missingFieldsShouldReturnErrorMessage(MainServerIntegrationTest.java:80)
	at java.base/java.lang.reflect.Method.invoke(Method.java:565)
	at java.base/java.util.ArrayList.forEach(ArrayList.java:1604)
	at java.base/java.util.ArrayList.forEach(ArrayList.java:1604)
]]></failure>
    <system-out><![CDATA[Cliente conectado: /127.0.0.1
Recebido: {"nome":"SomenteNome"}
Conexão encerrada.

]]></system-out>
  </testcase>
  <testcase name="invalidJsonShouldReturnErrorStatus" classname="com.kodarys.MainServerIntegrationTest" time="0.058">
    <failure message="Resposta para JSON inválido deve ter status erro. Resposta: {&quot;status&quot;: &quot;erro&quot;, &quot;mensagem&quot;: &quot;Campos obrigatórios ausentes.&quot;} ==&gt; expected: &lt;true&gt; but was: &lt;false&gt;" type="org.opentest4j.AssertionFailedError"><![CDATA[org.opentest4j.AssertionFailedError: Resposta para JSON inválido deve ter status erro. Resposta: {"status": "erro", "mensagem": "Campos obrigatórios ausentes."} ==> expected: <true> but was: <false>
	at org.junit.jupiter.api.AssertionFailureBuilder.build(AssertionFailureBuilder.java:151)
	at org.junit.jupiter.api.AssertionFailureBuilder.buildAndThrow(AssertionFailureBuilder.java:132)
	at org.junit.jupiter.api.AssertTrue.failNotTrue(AssertTrue.java:63)
	at org.junit.jupiter.api.AssertTrue.assertTrue(AssertTrue.java:36)
	at org.junit.jupiter.api.Assertions.assertTrue(Assertions.java:210)
	at com.kodarys.MainServerIntegrationTest.invalidJsonShouldReturnErrorStatus(MainServerIntegrationTest.java:72)
	at java.base/java.lang.reflect.Method.invoke(Method.java:565)
	at java.base/java.util.ArrayList.forEach(ArrayList.java:1604)
	at java.base/java.util.ArrayList.forEach(ArrayList.java:1604)
]]></failure>
    <system-out><![CDATA[Cliente conectado: /127.0.0.1
Recebido: {nome: 'oops'}
Conexão encerrada.

]]></system-out>
  </testcase>
  <testcase name="serverHandlesMultipleSequentialConnections" classname="com.kodarys.MainServerIntegrationTest" time="0.813">
    <system-out><![CDATA[Cliente conectado: /127.0.0.1
Recebido: {"nome":"U0","idade":20,"email":"u0@test.com"}
Usuário salvo no MongoDB: {"nome": "U0", "email": "u0@test.com", "idade": 20, "senhaHash": "$2a$10$pdgm.DvnYz6DgbPTisCdPOEHADobMvqyQ07zKgfa4ZN0ozFGdZGLq", "createdAt": "2025-11-27 11:52:24", "_id": {"$oid": "692865a813d3ed74dafe47ba"}}
Conexão encerrada.

Cliente conectado: /127.0.0.1
Recebido: {"nome":"U1","idade":21,"email":"u1@test.com"}
Usuário salvo no MongoDB: {"nome": "U1", "email": "u1@test.com", "idade": 21, "senhaHash": "$2a$10$5Kg54EzSwncqdj3jV6.3G.cDdfa.FtJrhtnJmK0iQBKzsiv7AvvbO", "createdAt": "2025-11-27 11:52:24", "_id": {"$oid": "692865a813d3ed74dafe47bb"}}
Conexão encerrada.

Cliente conectado: /127.0.0.1
Recebido: {"nome":"U2","idade":22,"email":"u2@test.com"}
Usuário salvo no MongoDB: {"nome": "U2", "email": "u2@test.com", "idade": 22, "senhaHash": "$2a$10$7hTwvGHQmJP0Xmx22ohnPec.nQ8gFPxcW8M/8cvW3pkjc1m3ClU/y", "createdAt": "2025-11-27 11:52:24", "_id": {"$oid": "692865a813d3ed74dafe47bc"}}
Conexão encerrada.

Cliente conectado: /127.0.0.1
Recebido: {"nome":"U3","idade":23,"email":"u3@test.com"}
Usuário salvo no MongoDB: {"nome": "U3", "email": "u3@test.com", "idade": 23, "senhaHash": "$2a$10$GrLnM5jUSWJjYpoKKUH3NeSO2k1a/bWpWe3th1mXlAoYw4IAmB9xG", "createdAt": "2025-11-27 11:52:24", "_id": {"$oid": "692865a813d3ed74dafe47bd"}}
Conexão encerrada.

Cliente conectado: /127.0.0.1
Recebido: {"nome":"U4","idade":24,"email":"u4@test.com"}
Usuário salvo no MongoDB: {"nome": "U4", "email": "u4@test.com", "idade": 24, "senhaHash": "$2a$10$GAEn4aDDzpXXLs9F5pyFOOGZ98Ik2SvU9iUm0OzpQ5Zqd0lbu0wV6", "createdAt": "2025-11-27 11:52:24", "_id": {"$oid": "692865a813d3ed74dafe47be"}}
Conexão encerrada.

]]></system-out>
  </testcase>
</testsuite>