<?xml version="1.0" encoding="UTF-8"?>
<testsuite xmlns:xsi="http://www.w3.org/2001/XMLSchema-instance" xsi:noNamespaceSchemaLocation="https://maven.apache.org/surefire/maven-surefire-plugin/xsd/surefire-test-report-3.0.xsd" version="3.0" name="com.kodarys.ErrorHandlingTest" time="0.76" tests="2" errors="2" skipped="0" failures="0">
  <properties>
[...]
</properties>
  <testcase name="slowClientThatSendsNothingTimesOut" classname="com.kodarys.ErrorHandlingTest" time="0.114">
    <error message="Connection refused: connect" type="java.net.ConnectException"><![CDATA[java.net.ConnectException: Connection refused: connect
	at java.base/sun.nio.ch.Net.connect0(Native Method)
	at java.base/sun.nio.ch.Net.connect(Net.java:535)
	at java.base/sun.nio.ch.Net.connect(Net.java:524)
	at java.base/sun.nio.ch.NioSocketImpl.connect(NioSocketImpl.java:574)
	at java.base/java.net.SocksSocketImpl.connect(SocksSocketImpl.java:282)
	at java.base/java.net.Socket.connect(Socket.java:665)
	at java.base/java.net.Socket.connect(Socket.java:603)
	at java.base/java.net.Socket.<init>(Socket.java:470)
	at java.base/java.net.Socket.<init>(Socket.java:276)
	at com.kodarys.ErrorHandlingTest.slowClientThatSendsNothingTimesOut(ErrorHandlingTest.java:56)
	at java.base/java.lang.reflect.Method.invoke(Method.java:565)
	at java.base/java.util.ArrayList.forEach(ArrayList.java:1604)
	at java.base/java.util.ArrayList.forEach(ArrayList.java:1604)
]]></error>
    <system-err><![CDATA[Exception in thread "Thread-1" io.github.cdimascio.dotenv.DotenvException: Could not find /.env on the classpath
	at io.github.cdimascio.dotenv.internal.ClasspathHelper.loadFileFromClasspath(ClasspathHelper.java:25)
	at io.github.cdimascio.dotenv.internal.DotenvReader.read(DotenvReader.java:55)
	at io.github.cdimascio.dotenv.internal.DotenvParser.lines(DotenvParser.java:87)
	at io.github.cdimascio.dotenv.internal.DotenvParser.parse(DotenvParser.java:60)
	at io.github.cdimascio.dotenv.DotenvBuilder.load(DotenvBuilder.java:76)
	at io.github.cdimascio.dotenv.Dotenv.load(Dotenv.java:38)
	at com.kodarys.MainServer.inicializarMongo(MainServer.java:150)
	at com.kodarys.MainServer.start(MainServer.java:54)
	at com.kodarys.ErrorHandlingTest.lambda$startServer$0(ErrorHandlingTest.java:27)
	at java.base/java.lang.Thread.run(Thread.java:1447)
	Suppressed: io.github.cdimascio.dotenv.DotenvException: Could not find .\.env on the file system (working directory: C:\Users\otavio_rz\Documents\otavio\Projects\PI4-Kodarys\KodarysServer)
		at io.github.cdimascio.dotenv.internal.DotenvReader.read(DotenvReader.java:60)
		... 8 more
]]></system-err>
  </testcase>
  <testcase name="emptyPayloadReturnsError" classname="com.kodarys.ErrorHandlingTest" time="0.059">
    <error message="Connection refused: getsockopt" type="java.net.ConnectException"><![CDATA[java.net.ConnectException: Connection refused: getsockopt
	at java.base/sun.nio.ch.Net.pollConnect(Native Method)
	at java.base/sun.nio.ch.Net.pollConnectNow(Net.java:628)
	at java.base/sun.nio.ch.NioSocketImpl.timedFinishConnect(NioSocketImpl.java:533)
	at java.base/sun.nio.ch.NioSocketImpl.connect(NioSocketImpl.java:583)
	at java.base/java.net.SocksSocketImpl.connect(SocksSocketImpl.java:282)
	at java.base/java.net.Socket.connect(Socket.java:665)
	at com.kodarys.TestHelper.sendAndReceive(TestHelper.java:20)
	at com.kodarys.ErrorHandlingTest.emptyPayloadReturnsError(ErrorHandlingTest.java:48)
	at java.base/java.lang.reflect.Method.invoke(Method.java:565)
	at java.base/java.util.ArrayList.forEach(ArrayList.java:1604)
	at java.base/java.util.ArrayList.forEach(ArrayList.java:1604)
]]></error>
  </testcase>
</testsuite>