<?xml version="1.0" encoding="UTF-8"?>
<testsuite xmlns:xsi="http://www.w3.org/2001/XMLSchema-instance" xsi:noNamespaceSchemaLocation="https://maven.apache.org/surefire/maven-surefire-plugin/xsd/surefire-test-report-3.0.xsd" version="3.0" name="com.kodarys.MainServerIntegrationTest" time="1.964" tests="4" errors="0" skipped="0" failures="2">
  <properties>
[...]
</properties>
  <testcase name="validJsonShouldReturnStatus" classname="com.kodarys.MainServerIntegrationTest" time="0.527">
    <system-out><![CDATA[MONGO_COLLECTION_HISTORICO não definido. Usando padrão: historico_missoes
MONGO_COLLECTION_NARRATIVA não definido. Usando padrão: estado_narrativa
Conectado ao MongoDB.
Servidor TCP rodando na porta 6000...
Cliente conectado: /127.0.0.1
Recebido: null
Usuário inválido (campos obrigatórios ausentes).
Conexão encerrada.

Cliente conectado: /127.0.0.1
Recebido: {"nome":"Teste","idade":30,"email":"t@t.com","senha":"abc"}
Usuário salvo no MongoDB: {"nome": "Teste", "email": "t@t.com", "idade": 30, "senhaHash": "$2a$10$yH95iSficjkESqfQkv1h3uSjN4LsUB5mJBYpDUDmm2NxXLbw.46Aa", "createdAt": "2025-11-26 18:19:20", "_id": {"$oid": "69276ed8d568355711c7c038"}}
Usuário válido: Usuario{nome='Teste', idade=30, email='t@t.com'}
Conexão encerrada.

]]></system-out>
  </testcase>
  <testcase name="missingFieldsShouldReturnErrorMessage" classname="com.kodarys.MainServerIntegrationTest" time="0.058">
    <failure message="Resposta para campos faltando deve indicar erro ==&gt; expected: &lt;true&gt; but was: &lt;false&gt;" type="org.opentest4j.AssertionFailedError"><![CDATA[org.opentest4j.AssertionFailedError: Resposta para campos faltando deve indicar erro ==> expected: <true> but was: <false>
	at org.junit.jupiter.api.AssertionFailureBuilder.build(AssertionFailureBuilder.java:151)
	at org.junit.jupiter.api.AssertionFailureBuilder.buildAndThrow(AssertionFailureBuilder.java:132)
	at org.junit.jupiter.api.AssertTrue.failNotTrue(AssertTrue.java:63)
	at org.junit.jupiter.api.AssertTrue.assertTrue(AssertTrue.java:36)
	at org.junit.jupiter.api.Assertions.assertTrue(Assertions.java:210)
	at com.kodarys.MainServerIntegrationTest.missingFieldsShouldReturnErrorMessage(MainServerIntegrationTest.java:80)
	at java.base/java.lang.reflect.Method.invoke(Method.java:565)
	at java.base/java.util.ArrayList.forEach(ArrayList.java:1604)
	at java.base/java.util.ArrayList.forEach(ArrayList.java:1604)
]]></failure>
    <system-out><![CDATA[Cliente conectado: /127.0.0.1
Recebido: {"nome":"SomenteNome"}
Usuário inválido (campos obrigatórios ausentes).
Conexão encerrada.

]]></system-out>
  </testcase>
  <testcase name="invalidJsonShouldReturnErrorStatus" classname="com.kodarys.MainServerIntegrationTest" time="0.053">
    <failure message="Resposta para JSON inválido deve ter status erro. Resposta: {&quot;status&quot;: &quot;erro&quot;, &quot;mensagem&quot;: &quot;Campos obrigatórios ausentes.&quot;} ==&gt; expected: &lt;true&gt; but was: &lt;false&gt;" type="org.opentest4j.AssertionFailedError"><![CDATA[org.opentest4j.AssertionFailedError: Resposta para JSON inválido deve ter status erro. Resposta: {"status": "erro", "mensagem": "Campos obrigatórios ausentes."} ==> expected: <true> but was: <false>
	at org.junit.jupiter.api.AssertionFailureBuilder.build(AssertionFailureBuilder.java:151)
	at org.junit.jupiter.api.AssertionFailureBuilder.buildAndThrow(AssertionFailureBuilder.java:132)
	at org.junit.jupiter.api.AssertTrue.failNotTrue(AssertTrue.java:63)
	at org.junit.jupiter.api.AssertTrue.assertTrue(AssertTrue.java:36)
	at org.junit.jupiter.api.Assertions.assertTrue(Assertions.java:210)
	at com.kodarys.MainServerIntegrationTest.invalidJsonShouldReturnErrorStatus(MainServerIntegrationTest.java:72)
	at java.base/java.lang.reflect.Method.invoke(Method.java:565)
	at java.base/java.util.ArrayList.forEach(ArrayList.java:1604)
	at java.base/java.util.ArrayList.forEach(ArrayList.java:1604)
]]></failure>
    <system-out><![CDATA[Cliente conectado: /127.0.0.1
Recebido: {nome: 'oops'}
Usuário inválido (campos obrigatórios ausentes).
Conexão encerrada.

]]></system-out>
  </testcase>
  <testcase name="serverHandlesMultipleSequentialConnections" classname="com.kodarys.MainServerIntegrationTest" time="0.808">
    <system-out><![CDATA[Cliente conectado: /127.0.0.1
Recebido: {"nome":"U0","idade":20,"email":"u0@test.com"}
Usuário salvo no MongoDB: {"nome": "U0", "email": "u0@test.com", "idade": 20, "senhaHash": "$2a$10$4OPVL8xj9d.8a/dSCj.RduntpMZzhY3wDVDjgvsP0dRK7AFkkOCOm", "createdAt": "2025-11-26 18:19:21", "_id": {"$oid": "69276ed9d568355711c7c039"}}
Usuário válido: Usuario{nome='U0', idade=20, email='u0@test.com'}
Conexão encerrada.

Cliente conectado: /127.0.0.1
Recebido: {"nome":"U1","idade":21,"email":"u1@test.com"}
Usuário salvo no MongoDB: {"nome": "U1", "email": "u1@test.com", "idade": 21, "senhaHash": "$2a$10$Ks1oRlsxO.JnDNJ9x7lOkeoffnPePHeO/gowlfROl5dL8fBhlfMbu", "createdAt": "2025-11-26 18:19:21", "_id": {"$oid": "69276ed9d568355711c7c03a"}}
Usuário válido: Usuario{nome='U1', idade=21, email='u1@test.com'}
Conexão encerrada.

Cliente conectado: /127.0.0.1
Recebido: {"nome":"U2","idade":22,"email":"u2@test.com"}
Usuário salvo no MongoDB: {"nome": "U2", "email": "u2@test.com", "idade": 22, "senhaHash": "$2a$10$C5xVND9PbTctgeH5gpoZnu5930PqwJLmJ8m7bVcOIlGy3D4BAXeSe", "createdAt": "2025-11-26 18:19:21", "_id": {"$oid": "69276ed9d568355711c7c03b"}}
Usuário válido: Usuario{nome='U2', idade=22, email='u2@test.com'}
Conexão encerrada.

Cliente conectado: /127.0.0.1
Recebido: {"nome":"U3","idade":23,"email":"u3@test.com"}
Usuário salvo no MongoDB: {"nome": "U3", "email": "u3@test.com", "idade": 23, "senhaHash": "$2a$10$rROKGNQlyZLLk2nF1w4K3.TJcIzPiJ0SS.VmwwU8yK.VNKY.vtp6u", "createdAt": "2025-11-26 18:19:21", "_id": {"$oid": "69276ed9d568355711c7c03c"}}
Usuário válido: Usuario{nome='U3', idade=23, email='u3@test.com'}
Conexão encerrada.

Cliente conectado: /127.0.0.1
Recebido: {"nome":"U4","idade":24,"email":"u4@test.com"}
Usuário salvo no MongoDB: {"nome": "U4", "email": "u4@test.com", "idade": 24, "senhaHash": "$2a$10$YkyMKuTwYFR9wyPldAfPN.2zGQkC1A9Gdqk4M5vhazL7UcySZZpb2", "createdAt": "2025-11-26 18:19:21", "_id": {"$oid": "69276ed9d568355711c7c03d"}}
Usuário válido: Usuario{nome='U4', idade=24, email='u4@test.com'}
Conexão encerrada.

]]></system-out>
  </testcase>
</testsuite>